A D/GUI////
A D/Panels////
A D/autom4te.cache////
A D/base////
A D/chart////
A D/cli////
A D/collectors////
A D/dialogs////
A D/doc////
A D/examples////
A D/expr_info////
A D/ftf////
A D/gui////
A D/images////
A D/libltdl////
A D/libopenss-cli////
A D/libopenss-framework////
A D/libopenss-frameworkrt////
A D/libopenss-gui////
A D/libopenss-guibase////
A D/libopenss-guichart////
A D/libopenss-guidialogs////
A D/libopenss-guiexprinfo////
A D/libopenss-guiimages////
A D/libopenss-guiobjects////
A D/libopenss-guiplugin////
A D/libopenss-message////
A D/libopenss-queries////
A D/libopenss-runtime////
A D/libssf////
A D/liveOSS////
A D/m4////
A D/man////
A D/message////
A D/objects////
A D/open_speed_shop////
A D/openspeedshop////
A D/openss////
A D/pcli////
A D/plugin////
A D/plugins////
A D/pyscripting////
A D/python-scripting-api////
A D/sanity////
A D/scripts////
A D/test////
A D/tests////
A D/usability////
