A D/CmdPanel////
A D/CompareExperimentsPanel////
A D/ComparePanel////
A D/CustomExperimentPanel////
A D/CustomizeStatsPanel////
A D/DebugPanel////
A D/FPE_TracingPanel////
A D/HWCSampPanel////
A D/HWCTimePanel////
A D/HW_CounterPanel////
A D/IOPPanel////
A D/IOPanel////
A D/IOTPanel////
A D/MEMPanel////
A D/MPIOTFPanel////
A D/MPIPPanel////
A D/MPIPanel////
A D/MPITPanel////
A D/ManageProcessesPanel////
A D/PTHREADSPanel////
A D/SourcePanel////
A D/StatsPanel////
A D/TemplatePanel////
A D/UserTimePanel////
A D/Wizards////
A D/loadPanel////
A D/pcSamplePanel////
